
MyPeople BOT:  https://apis.daum.net , 8a29cc1dbc317d6f2ed6ddabee997f1db1333700
Express server listening on port 3000

POST /callback
 { content: 'ì£¼ì•„ë´‡ ì˜¤í”ˆì†ŒìŠ¤í•´ì•¼ê² ë„¤ ã…‹ã…‹ã…‹',
  buddyId: 'BU_DYzfc-33MtxdQ2CEjow2Sg00',
  groupId: 'GID_gXbO2',
  action: 'sendFromGroup' } 

[90mPOST /callback [32m200 [90m12ms[0m
{ message: 'Success', code: '200' }

POST /callback
 { content: 'ì—‡',
  buddyId: 'BU_EvBMaPUVOgowUuWpvkLXgA00',
  groupId: 'GID_gXbO2',
  action: 'sendFromGroup' } 

[90mPOST /callback [32m200 [90m2ms[0m

POST /callback
 { content: 'ëœë‹¤',
  buddyId: 'BU_EvBMaPUVOgowUuWpvkLXgA00',
  groupId: 'GID_gXbO2',
  action: 'sendFromGroup' } 

[90mPOST /callback [32m200 [90m1ms[0m

POST /callback
 { content: 'ì£¼ì•„',
  buddyId: 'BU_EvBMaPUVOgowUuWpvkLXgA00',
  groupId: 'GID_gXbO2',
  action: 'sendFromGroup' } 

[90mPOST /callback [32m200 [90m1ms[0m
{ message: 'Success', code: '200' }

POST /callback
 { content: 'ì£¼ì•„',
  buddyId: 'BU_DYzfc-33MtxdQ2CEjow2Sg00',
  groupId: 'GID_gXbO2',
  action: 'sendFromGroup' } 

[90mPOST /callback [32m200 [90m1ms[0m
{ message: 'Success', code: '200' }

POST /callback
 { content: 'ì£¼ì•„',
  buddyId: 'BU_DYzfc-33MtxdQ2CEjow2Sg00',
  groupId: 'GID_gXbO2',
  action: 'sendFromGroup' } 

[90mPOST /callback [32m200 [90m2ms[0m
{ message: 'Success', code: '200' }

POST /callback
 { content: 'ì£¼ì•„',
  buddyId: 'BU_DYzfc-33MtxdQ2CEjow2Sg00',
  groupId: 'GID_gXbO2',
  action: 'sendFromGroup' } 

[90mPOST /callback [32m200 [90m1ms[0m
{ message: 'Success', code: '200' }

POST /callback
 { content: 'ì£¼ì•„',
  buddyId: 'BU_DYzfc-33MtxdQ2CEjow2Sg00',
  groupId: 'GID_gXbO2',
  action: 'sendFromGroup' } 

[90mPOST /callback [32m200 [90m1ms[0m
{ message: 'Success', code: '200' }

POST /callback
 { content: 'ì£¼ì•„',
  buddyId: 'BU_DYzfc-33MtxdQ2CEjow2Sg00',
  groupId: 'GID_gXbO2',
  action: 'sendFromGroup' } 

[90mPOST /callback [32m200 [90m1ms[0m
{ message: 'Success', code: '200' }

POST /callback
 { content: 'ì®¸ì•„ ë‹˜ ì´ë¦„ ë¶€ë¥´ê¸° í˜ë“¤ê² ë„¤ ì´ì œ',
  buddyId: 'BU_DYzfc-33MtxdQ2CEjow2Sg00',
  groupId: 'GID_gXbO2',
  action: 'sendFromGroup' } 

[90mPOST /callback [32m200 [90m1ms[0m

POST /callback
 { content: 'ë…¸ë“œ ë°”ë³´ë¼ì„œ ì¬ì‹œì‘ í•´ì¤˜ì•¼ í•˜ëŠ”ì£¼ì•„',
  buddyId: 'BU_EvBMaPUVOgowUuWpvkLXgA00',
  groupId: 'GID_gXbO2',
  action: 'sendFromGroup' } 

[90mPOST /callback [32m200 [90m2ms[0m
{ message: 'Success', code: '200' }

POST /callback
 { content: 'exit',
  buddyId: 'BU_EvBMaPUVOgowUuWpvkLXgA00',
  groupId: 'GID_gXbO2',
  action: 'sendFromGroup' } 

[90mPOST /callback [32m200 [90m4ms[0m
{ message: 'Success', code: '200' }

POST /callback
 { content: '[{"buddyId":"BU_uFhXdYe8F-DZuB8_uXoZ1w00","isBot":"Y","name":"ì£¼ì•„ë´‡","photoId":"myp_pub:536280F90445EA002E"}]',
  buddyId: 'BU_EvBMaPUVOgowUuWpvkLXgA00',
  groupId: 'GID_gXbO2',
  action: 'inviteToGroup' } 

[90mPOST /callback [32m200 [90m1ms[0m

POST /callback
 { content: ' dkdlzhd ',
  buddyId: 'BU_81pJkqLjHNkHD.wkA1khnw00',
  groupId: 'GID_gXbO2',
  action: 'sendFromGroup' } 

[90mPOST /callback [32m200 [90m1ms[0m

POST /callback
 { content: 'ì•„ì´ì½©ì´ë¼ë‹ˆ',
  buddyId: 'BU_81pJkqLjHNkHD.wkA1khnw00',
  groupId: 'GID_gXbO2',
  action: 'sendFromGroup' } 

[90mPOST /callback [32m200 [90m1ms[0m

POST /callback
 { content: 'api.hoyajigi.com/person/v1/jua.xml\napi.hoyajigi.com/person/v1/jua.json\napi.hoyajigi.com/person/v1/jua.msgpack',
  buddyId: 'BU_EvBMaPUVOgowUuWpvkLXgA00',
  groupId: 'GID_gXbO2',
  action: 'sendFromGroup' } 

[90mPOST /callback [32m200 [90m1ms[0m

POST /callback
 { content: 'ì´ apië¥¼ ì“°ê³  ìˆì–´ìš”',
  buddyId: 'BU_EvBMaPUVOgowUuWpvkLXgA00',
  groupId: 'GID_gXbO2',
  action: 'sendFromGroup' } 

[90mPOST /callback [32m200 [90m1ms[0m

POST /callback
 { content: 'ì œê°€ ì•„ì´ì½©ì´ë¼ê³  í•œê±° ì•„ë‹ˆì£¼ì•„',
  buddyId: 'BU_EvBMaPUVOgowUuWpvkLXgA00',
  groupId: 'GID_gXbO2',
  action: 'sendFromGroup' } 

[90mPOST /callback [32m200 [90m1ms[0m
{ message: 'Success', code: '200' }

POST /callback
 { content: 'í— ë‚´ì´ë¦„ê·¸ë§Œë¶ˆëŸ¬',
  buddyId: 'BU_81pJkqLjHNkHD.wkA1khnw00',
  groupId: 'GID_gXbO2',
  action: 'sendFromGroup' } 

[90mPOST /callback [32m200 [90m2ms[0m

POST /callback
 { content: 'ê¹ƒí—™ì— ì˜¬ë ¤ì£¼ì„¸ì—¬',
  buddyId: 'BU_81pJkqLjHNkHD.wkA1khnw00',
  groupId: 'GID_gXbO2',
  action: 'sendFromGroup' } 

[90mPOST /callback [32m200 [90m1ms[0m

POST /callback
 { content: 'í¬í¬í•´ì„œ ê¸°ëŠ¥ì¶”ê°€í•´ì•¼ì§€',
  buddyId: 'BU_81pJkqLjHNkHD.wkA1khnw00',
  groupId: 'GID_gXbO2',
  action: 'sendFromGroup' } 

[90mPOST /callback [32m200 [90m2ms[0m

POST /callback
 { content: 'ë§ŒëŠ¥ë´‡ìœ¼ë¡œ ì§„í™”ì‹œí‚µì‹œë‹¤',
  buddyId: 'BU_DYzfc-33MtxdQ2CEjow2Sg00',
  groupId: 'GID_gXbO2',
  action: 'sendFromGroup' } 

[90mPOST /callback [32m200 [90m1ms[0m

POST /callback
 { content: 'ã…‹ã…‹ã…‹ã…‹ã…‹ã…‹ã…‹',
  buddyId: 'BU_EvBMaPUVOgowUuWpvkLXgA00',
  groupId: 'GID_gXbO2',
  action: 'sendFromGroup' } 

[90mPOST /callback [32m200 [90m1ms[0m

POST /callback
 { content: 'ê·¸ë£¹ë°©ì— ë´‡ì´ ì¶”ê°€ ë˜ì—ˆì„ë•Œ ì½œë°±ì´createGroupì´ ì•„ë‹ˆë¼ inviteToGroupë¼ë‹ˆ...',
  buddyId: 'BU_EvBMaPUVOgowUuWpvkLXgA00',
  groupId: 'GID_gXbO2',
  action: 'sendFromGroup' } 

[90mPOST /callback [32m200 [90m1ms[0m
[33mwarn[39m:    --minUptime not set. Defaulting to: 1000ms
[33mwarn[39m:    --spinSleepTime not set. Your script will exit if it does not stay up for at least 1000ms
[31merror[39m:   Cannot start forever
[31merror[39m:   script /var/www/jua.bot/app does not exist.
